tensor dict time:2.001664638519287 [16/08 17:58:15]
ply time:31.478976488113403 [16/08 17:58:46]
| [16/08 17:58:46]
 | total:  2052.580992937088 [16/08 17:58:46]
         | [16/08 17:58:46]
         |-- training (total):  0.0 [16/08 17:58:46]
                |-- load_cam time:  0.18193721771240234 [16/08 17:58:46]
                |-- render time:  932.6749649047852 [16/08 17:58:46]
                |-- loss time:  226.38620328903198 [16/08 17:58:46]
                |-- other training time:  -1159.2431054115295 [16/08 17:58:46]
         | [16/08 17:58:46]
         |-- densify:  15.043450117111206 [16/08 17:58:46]
         | [16/08 17:58:46]
         |-- optimize:  50766766547942.58 [16/08 17:58:46]
         | [16/08 17:58:46]
         |-- logging (total):  839.8755986690521 [16/08 17:58:46]
                |-- tqdm time:  703.2447073459625 [16/08 17:58:46]
                |-- radii time:  0 [16/08 17:58:46]
                |-- tensorboard time:  0.33832263946533203 [16/08 17:58:46]
                |-- other logging time:  136.29256868362427 [16/08 17:58:46]

Training complete. [16/08 17:58:46]

1636447 [16/08 18:10:23]
torch.Size([5772899]) torch.Size([5772899]) [16/08 18:10:23]
| [16/08 18:10:23]
 | total:  0.0529630184173584 [16/08 18:10:23]
         | [16/08 18:10:23]
         |-- training (total):  0.0272524356842041 [16/08 18:10:23]
                |-- load_cam time:  1.2636184692382812e-05 [16/08 18:10:23]
                |-- render time:  0.012124300003051758 [16/08 18:10:23]
                |-- loss time:  0.014910459518432617 [16/08 18:10:23]
                |-- other training time:  0.00020503997802734375 [16/08 18:10:23]
         | [16/08 18:10:23]
         |-- densify:  0.0009593963623046875 [16/08 18:10:23]
         | [16/08 18:10:23]
         |-- optimize:  1692227423.574902 [16/08 18:10:23]
         | [16/08 18:10:23]
         |-- logging (total):  0.022977590560913086 [16/08 18:10:23]
                |-- tqdm time:  0.022966623306274414 [16/08 18:10:23]
                |-- radii time:  0 [16/08 18:10:23]
                |-- tensorboard time:  1.0013580322265625e-05 [16/08 18:10:23]
                |-- other logging time:  9.5367431640625e-07 [16/08 18:10:23]


1636447 [16/08 18:15:14]
torch.Size([5772899]) torch.Size([5772899]) [16/08 18:15:14]
| [16/08 18:15:14]
 | total:  0.055858612060546875 [16/08 18:15:14]
         | [16/08 18:15:14]
         |-- training (total):  0.02973031997680664 [16/08 18:15:14]
                |-- load_cam time:  1.9311904907226562e-05 [16/08 18:15:14]
                |-- render time:  0.012918233871459961 [16/08 18:15:14]
                |-- loss time:  0.016453981399536133 [16/08 18:15:14]
                |-- other training time:  0.0003387928009033203 [16/08 18:15:14]
         | [16/08 18:15:14]
         |-- densify:  0.0011250972747802734 [16/08 18:15:14]
         | [16/08 18:15:14]
         |-- optimize:  0.0019485950469970703 [16/08 18:15:14]
         | [16/08 18:15:14]
         |-- logging (total):  0.02295684814453125 [16/08 18:15:14]
                |-- tqdm time:  0.022942543029785156 [16/08 18:15:14]
                |-- radii time:  0.00048041343688964844 [16/08 18:15:14]
                |-- tensorboard time:  1.3589859008789062e-05 [16/08 18:15:14]
                |-- other logging time:  -0.00047969818115234375 [16/08 18:15:14]