tensor dict time:2.1276791095733643 [16/08 23:13:20]
torch.Size([5731252, 3]) [16/08 23:13:20]
8 [16/08 23:13:20]
start detaching [16/08 23:13:21]
start detaching1 [16/08 23:13:21]

  0%|          | 0/8 [00:00<?, ?it/s]
 12%|█▎        | 1/8 [00:03<00:26,  3.74s/it]
 25%|██▌       | 2/8 [00:07<00:22,  3.70s/it]
 38%|███▊      | 3/8 [00:11<00:18,  3.69s/it]
 50%|█████     | 4/8 [00:14<00:14,  3.69s/it]
 62%|██████▎   | 5/8 [00:18<00:11,  3.69s/it]
 75%|███████▌  | 6/8 [00:22<00:07,  3.69s/it]
 88%|████████▊ | 7/8 [00:25<00:03,  3.69s/it]
100%|██████████| 8/8 [00:29<00:00,  3.70s/it]
100%|██████████| 8/8 [00:29<00:00,  3.70s/it]
cpu mem17070.15625 [16/08 23:13:25]
cpu mem17238.15625 [16/08 23:13:28]
cpu mem17408.15625 [16/08 23:13:32]
cpu mem17578.15625 [16/08 23:13:36]
cpu mem17746.15625 [16/08 23:13:39]
cpu mem17916.15625 [16/08 23:13:43]
cpu mem18086.15625 [16/08 23:13:47]
cpu mem17183.03125 [16/08 23:13:50]
finish writing [16/08 23:13:51]
ply time:30.766034841537476 [16/08 23:13:51]
| [16/08 23:13:51]
 | total:  2034.952713251114 [16/08 23:13:51]
	 | [16/08 23:13:51]
	 |-- training (total):  1162.2240107059479 [16/08 23:13:51]
	 	|-- load_cam time:  0.14806294441223145 [16/08 23:13:51]
	 	|-- render time:  928.0311357975006 [16/08 23:13:51]
	 	|-- loss time:  231.40994548797607 [16/08 23:13:51]
	 	|-- other training time:  2.63486647605896 [16/08 23:13:51]
	 | [16/08 23:13:51]
	 |-- densify:  13.908572912216187 [16/08 23:13:51]
	 | [16/08 23:13:51]
	 |-- optimize:  14.40559983253479 [16/08 23:13:51]
	 | [16/08 23:13:51]
	 |-- logging (total):  824.937903881073 [16/08 23:13:51]
	 	|-- tqdm time:  699.3311231136322 [16/08 23:13:51]
	 	|-- radii time:  6.943185091018677 [16/08 23:13:51]
	 	|-- tensorboard time:  0.29351258277893066 [16/08 23:13:51]
	 	|-- other logging time:  125.31326818466187 [16/08 23:13:51]
0.021520037204027176 0.5634850263595581 0.24322587251663208 0.23588956892490387 [16/08 23:13:51]

Training complete. [16/08 23:13:51]

torch.Size([1233782, 3]) [17/08 16:23:41]
8 [17/08 16:23:41]
start detaching [17/08 16:23:41]
start detaching1 [17/08 16:23:41]
  0%|                                                                                                                                                               | 0/8 [00:00<?, ?it/s]cpu mem11437.71484375 [17/08 16:23:41]
 12%|██████████████████▉                                                                                                                                    | 1/8 [00:00<00:05,  1.23it/s]cpu mem11473.8359375 [17/08 16:23:42]
 25%|█████████████████████████████████████▊                                                                                                                 | 2/8 [00:01<00:04,  1.25it/s]cpu mem11509.8359375 [17/08 16:23:43]
 38%|████████████████████████████████████████████████████████▋                                                                                              | 3/8 [00:02<00:04,  1.25it/s]cpu mem11547.95703125 [17/08 16:23:44]
 50%|███████████████████████████████████████████████████████████████████████████▌                                                                           | 4/8 [00:03<00:03,  1.25it/s]cpu mem11583.95703125 [17/08 16:23:45]
 62%|██████████████████████████████████████████████████████████████████████████████████████████████▍                                                        | 5/8 [00:03<00:02,  1.25it/s]cpu mem11620.078125 [17/08 16:23:45]
 75%|█████████████████████████████████████████████████████████████████████████████████████████████████████████████████▎                                     | 6/8 [00:04<00:01,  1.26it/s]cpu mem11656.078125 [17/08 16:23:46]
 88%|████████████████████████████████████████████████████████████████████████████████████████████████████████████████████████████████████▏                  | 7/8 [00:05<00:00,  1.26it/s]cpu mem11480.40625 [17/08 16:23:47]
100%|███████████████████████████████████████████████████████████████████████████████████████████████████████████████████████████████████████████████████████| 8/8 [00:06<00:00,  1.25it/s]
finish writing [17/08 16:23:47]
ply time:6.591177225112915 [17/08 16:23:47]
| [17/08 16:23:47]
 | total:  865.40993475914 [17/08 16:23:47]
         | [17/08 16:23:47]
         |-- training (total):  347.29668974876404 [17/08 16:23:47]
                |-- load_cam time:  0.1764366626739502 [17/08 16:23:47]
                |-- render time:  208.918799161911 [17/08 16:23:47]
                |-- loss time:  135.12503123283386 [17/08 16:23:47]
                |-- other training time:  3.076422691345215 [17/08 16:23:47]
         | [17/08 16:23:47]
         |-- densify:  11.015339851379395 [17/08 16:23:47]
         | [17/08 16:23:47]
         |-- optimize:  16.01198673248291 [17/08 16:23:47]
         | [17/08 16:23:47]
         |-- logging (total):  486.2774658203125 [17/08 16:23:47]
                |-- tqdm time:  453.62575507164 [17/08 16:23:47]
                |-- radii time:  6.421717882156372 [17/08 16:23:47]
                |-- tensorboard time:  0.24243712425231934 [17/08 16:23:47]
                |-- other logging time:  32.409273624420166 [17/08 16:23:47]
0.20987094938755035 0.8116623759269714 0.3655189573764801 0.3569261133670807 [17/08 16:23:47]
tensor(14953) tensor(48) [17/08 16:23:47]
ply time:6.603168249130249 [17/08 18:13:02]
| [17/08 18:13:02]
 | total:  859.709920167923 [17/08 18:13:02]
         | [17/08 18:13:02]
         |-- training (total):  359.7397074699402 [17/08 18:13:02]
                |-- load_cam time:  0.1482996940612793 [17/08 18:13:02]
                |-- render time:  210.54231595993042 [17/08 18:13:02]
                |-- loss time:  146.4682948589325 [17/08 18:13:02]
                |-- other training time:  2.580796957015991 [17/08 18:13:02]
         | [17/08 18:13:02]
         |-- densify:  10.60554552078247 [17/08 18:13:02]
         | [17/08 18:13:02]
         |-- optimize:  15.656217813491821 [17/08 18:13:02]
         | [17/08 18:13:02]
         |-- logging (total):  469.0382249355316 [17/08 18:13:02]
                |-- tqdm time:  439.9910264015198 [17/08 18:13:02]
                |-- radii time:  6.331273317337036 [17/08 18:13:02]
                |-- tensorboard time:  0.19527626037597656 [17/08 18:13:02]
                |-- other logging time:  28.851922273635864 [17/08 18:13:02]
0.20932109653949738 0.8116672039031982 0.3653493821620941 0.3567751348018646 [17/08 18:13:02]
tensor(14953) tensor(48) [17/08 18:13:02]

Training complete. [17/08 18:13:02]

ply time:6.797618865966797 [21/08 17:42:27]
| [21/08 17:42:27]
 | total:  999.7497906684875 [21/08 17:42:27]
         | [21/08 17:42:27]
         |-- training (total):  401.71638536453247 [21/08 17:42:27]
                |-- load_cam time:  0.16212677955627441 [21/08 17:42:27]
                |-- render time:  245.38812279701233 [21/08 17:42:27]
                |-- loss time:  153.5532946586609 [21/08 17:42:27]
                |-- other training time:  2.6128411293029785 [21/08 17:42:27]
         | [21/08 17:42:27]
         |-- densify:  23.184853315353394 [21/08 17:42:27]
         | [21/08 17:42:27]
         |-- optimize:  14.839603900909424 [21/08 17:42:27]
         | [21/08 17:42:27]
         |-- logging (total):  555.3194978237152 [21/08 17:42:27]
                |-- tqdm time:  526.9287931919098 [21/08 17:42:27]
                |-- radii time:  9.335146427154541 [21/08 17:42:27]
                |-- tensorboard time:  0.20025396347045898 [21/08 17:42:27]
                |-- other logging time:  28.19045066833496 [21/08 17:42:27]
0.20900441706180573 0.8116672039031982 0.3656824231147766 0.35755085945129395 [21/08 17:42:27]