(gs) peijiaxu@lambda-scalar:~/codes/gaussian-splatting$ CUDA_VISIBLE_DEVICES=0 python train_acc.py -s ~/dataset/360_v2/bonsai -m ~/exps/gs/debug
Optimizing /home/peijiaxu/exps/gs/debug
Output folder: /home/peijiaxu/exps/gs/debug [28/08 16:47:40]
Tensorboard not available: not logging progress [28/08 16:47:40]
Reading camera 292/292 [28/08 16:47:41]
Loading Training Cameras [28/08 16:47:41]
[ INFO ] Encountered quite large input images (>1.6K pixels width), rescaling to 1.6K.
 If this is not desired, please explicitly specify '--resolution/-r' as 1 [28/08 16:47:41]
Loading Test Cameras [28/08 16:48:39]
finish camera Loading [28/08 16:48:39]
Number of points at initialisation :  206613 [28/08 16:48:39]
Training progress:  33%|██████████████████████████████████████▋                                                                             | 10000/30000 [05:04<09:34, 34.84it/s, Loss=0.028561]
[ITER 10000] Evaluating train: L1 0.017432878352701665 PSNR 31.14936676025391 [28/08 16:53:44]
max gpu mem:8363.17041015625 [28/08 16:53:44]
current gpu utilization:0 [28/08 16:53:44]

[ITER 10000] Saving Gaussians [28/08 16:53:44]
tensor dict time:0.39748692512512207 [28/08 16:53:44]
Training progress:  50%|██████████████████████████████████████████████████████████                                                          | 15000/30000 [07:40<07:22, 33.90it/s, Loss=0.021551]max gpu mem:8363.17041015625 [28/08 16:56:19]
current gpu utilization:96 [28/08 16:56:19]

[ITER 15000] Saving Gaussians [28/08 16:56:19]
tensor dict time:0.4223008155822754 [28/08 16:56:20]
Training progress:  67%|█████████████████████████████████████████████████████████████████████████████▎                                      | 20000/30000 [10:03<04:43, 35.29it/s, Loss=0.021672]
[ITER 20000] Evaluating train: L1 0.013789825513958931 PSNR 33.04837112426758 [28/08 16:58:43]
max gpu mem:8363.17041015625 [28/08 16:58:43]
current gpu utilization:0 [28/08 16:58:43]

[ITER 20000] Saving Gaussians [28/08 16:58:43]
tensor dict time:0.43631482124328613 [28/08 16:58:43]
Training progress: 100%|████████████████████████████████████████████████████████████████████████████████████████████████████████████████████| 30000/30000 [14:44<00:00, 33.93it/s, Loss=0.019810]
max gpu mem:8363.17041015625 [28/08 17:03:23]
current gpu utilization:97 [28/08 17:03:23]

[ITER 30000] Saving Gaussians [28/08 17:03:23]
tensor dict time:0.40903210639953613 [28/08 17:03:24]
| [28/08 17:03:24]
 | total:  884.6502649784088 [28/08 17:03:24]
         | [28/08 17:03:24]
         |-- training (total):  178.86526370048523 [28/08 17:03:24]
                |-- render time:  102.97764492034912 [28/08 17:03:24]
                |-- loss backward time:  495.45404863357544 [28/08 17:03:24]
                |-- loss cal time:  72.1955132484436 [28/08 17:03:24]
                |-- cuda time:  0.0 [28/08 17:03:24]
                |-- other time:  210.33095264434814 [28/08 17:03:24]
                |-- optimize time:  168.04085564613342 [28/08 17:03:24]
                |-- densify time:  39.203189849853516 [28/08 17:03:24

CUDA_VISIBLE_DEVICES=1 python train_acc.py -s ~/dataset/360_v2/bicycle -m ~/exps/gs/debug
Optimizing /home/peijiaxu/exps/gs/debug
Output folder: /home/peijiaxu/exps/gs/debug [28/08 17:06:04]
Tensorboard not available: not logging progress [28/08 17:06:04]
Reading camera 194/194 [28/08 17:06:05]
Loading Training Cameras [28/08 17:06:05]
[ INFO ] Encountered quite large input images (>1.6K pixels width), rescaling to 1.6K.
 If this is not desired, please explicitly specify '--resolution/-r' as 1 [28/08 17:06:05]
Loading Test Cameras [28/08 17:07:19]
finish camera Loading [28/08 17:07:19]
Number of points at initialisation :  54275 [28/08 17:07:20]
Training progress:  33%|██████████████████████████████████████▋                                                                             | 10000/30000 [07:13<20:36, 16.17it/s, Loss=0.076330]
[ITER 10000] Evaluating train: L1 0.034764747694134714 PSNR 24.648813247680664 [28/08 17:14:33]
max gpu mem:11562.60302734375 [28/08 17:14:33]
current gpu utilization:98 [28/08 17:14:33]

[ITER 10000] Saving Gaussians [28/08 17:14:33]
tensor dict time:1.1807019710540771 [28/08 17:14:34]
Training progress:  50%|██████████████████████████████████████████████████████████                                                          | 15000/30000 [13:17<19:03, 13.12it/s, Loss=0.083069]max gpu mem:13491.9072265625 [28/08 17:20:37]
current gpu utilization:99 [28/08 17:20:37]

[ITER 15000] Saving Gaussians [28/08 17:20:37]
tensor dict time:1.4786486625671387 [28/08 17:20:39]
Training progress:  67%|█████████████████████████████████████████████████████████████████████████████▎                                      | 20000/30000 [19:35<12:25, 13.41it/s, Loss=0.071522]
[ITER 20000] Evaluating train: L1 0.028802769258618355 PSNR 26.43404541015625 [28/08 17:26:55]
max gpu mem:13491.9072265625 [28/08 17:26:55]
current gpu utilization:99 [28/08 17:26:55]

[ITER 20000] Saving Gaussians [28/08 17:26:55]
tensor dict time:1.4648363590240479 [28/08 17:26:57]
Training progress: 100%|████████████████████████████████████████████████████████████████████████████████████████████████████████████████████| 30000/30000 [31:55<00:00, 15.66it/s, Loss=0.058930]
max gpu mem:13491.9072265625 [28/08 17:39:16]
current gpu utilization:99 [28/08 17:39:16]

[ITER 30000] Saving Gaussians [28/08 17:39:16]
tensor dict time:1.4865679740905762 [28/08 17:39:17]
| [28/08 17:39:17]
 | total:  1917.2533283233643 [28/08 17:39:17]
         | [28/08 17:39:17]
         |-- training (total):  431.22526359558105 [28/08 17:39:17]
                |-- render time:  353.93119597435 [28/08 17:39:17]
                |-- loss backward time:  764.6475303173065 [28/08 17:39:17]
                |-- loss cal time:  74.3644061088562 [28/08 17:39:17]
                |-- cuda time:  0.0 [28/08 17:39:17]
                |-- other time:  721.3805344104767 [28/08 17:39:17]
                |-- optimize time:  670.375574350357 [28/08 17:39:17]
                |-- densify time:  44.08244323730469 [28/08 17:39:17]

Training complete. [28/08 17:39:17]

optimize loss
Optimizing /home/peijiaxu/exps/gs/debug
Output folder: /home/peijiaxu/exps/gs/debug [28/08 18:06:27]
Tensorboard not available: not logging progress [28/08 18:06:27]
Reading camera 292/292 [28/08 18:06:28]
Loading Training Cameras [28/08 18:06:28]
[ INFO ] Encountered quite large input images (>1.6K pixels width), rescaling to 1.6K.
 If this is not desired, please explicitly specify '--resolution/-r' as 1 [28/08 18:06:28]
Loading Test Cameras [28/08 18:07:28]
finish camera Loading [28/08 18:07:28]
Number of points at initialisation :  206613 [28/08 18:07:28]
Training progress:  33%|██████████████████████████████████████▋                                                                             | 10000/30000 [04:57<09:26, 35.29it/s, Loss=0.028156]
[ITER 10000] Evaluating train: L1 0.01740995217114687 PSNR 31.15638427734375 [28/08 18:12:26]
max gpu mem:8291.1025390625 [28/08 18:12:26]
current gpu utilization:96 [28/08 18:12:26]

[ITER 10000] Saving Gaussians [28/08 18:12:26]
tensor dict time:0.33774733543395996 [28/08 18:12:26]
Training progress:  50%|██████████████████████████████████████████████████████████                                                          | 15000/30000 [07:27<07:17, 34.25it/s, Loss=0.021564]max gpu mem:8291.1025390625 [28/08 18:14:56]
current gpu utilization:96 [28/08 18:14:56]

[ITER 15000] Saving Gaussians [28/08 18:14:56]
tensor dict time:0.3620264530181885 [28/08 18:14:57]
Training progress:  67%|█████████████████████████████████████████████████████████████████████████████▎                                      | 20000/30000 [09:46<04:34, 36.45it/s, Loss=0.021818]
[ITER 20000] Evaluating train: L1 0.013764914683997632 PSNR 32.96739540100098 [28/08 18:17:14]
max gpu mem:8291.1025390625 [28/08 18:17:14]
current gpu utilization:96 [28/08 18:17:14]

[ITER 20000] Saving Gaussians [28/08 18:17:14]
tensor dict time:0.3533759117126465 [28/08 18:17:15]
Training progress: 100%|████████████████████████████████████████████████████████████████████████████████████████████████████████████████████| 30000/30000 [14:17<00:00, 34.98it/s, Loss=0.019991]
max gpu mem:8291.1025390625 [28/08 18:21:46]
current gpu utilization:97 [28/08 18:21:46]

[ITER 30000] Saving Gaussians [28/08 18:21:46]
tensor dict time:0.3549773693084717 [28/08 18:21:46]
| [28/08 18:21:46]
 | total:  857.9608633518219 [28/08 18:21:46]
         | [28/08 18:21:46]
         |-- training (total):  173.1386787891388 [28/08 18:21:46]
                |-- render time:  104.65258026123047 [28/08 18:21:46]
                |-- loss backward time:  479.06193351745605 [28/08 18:21:46]
                |-- loss cal time:  65.71266579627991 [28/08 18:21:46]
                |-- cuda time:  0.0 [28/08 18:21:46]
                |-- other time:  205.76025104522705 [28/08 18:21:46]
                |-- optimize time:  167.4497663974762 [28/08 18:21:46]
                |-- densify time:  35.77463412284851 [28/08 18:21:46]

Training complete. [28/08 18:21:46]

CUDA_VISIBLE_DEVICES=1 python train_acc.py -s ~/dataset/360_v2/bicycle -m ~/exps/gs/debug
Optimizing /home/peijiaxu/exps/gs/debug
Output folder: /home/peijiaxu/exps/gs/debug [28/08 18:35:47]
Tensorboard not available: not logging progress [28/08 18:35:47]
Reading camera 194/194 [28/08 18:35:48]
Loading Training Cameras [28/08 18:35:48]
[ INFO ] Encountered quite large input images (>1.6K pixels width), rescaling to 1.6K.
 If this is not desired, please explicitly specify '--resolution/-r' as 1 [28/08 18:35:48]
Loading Test Cameras [28/08 18:37:03]
finish camera Loading [28/08 18:37:03]
Number of points at initialisation :  54275 [28/08 18:37:03]
Training progress:  33%|██████████████████████████████████████▋                                                                             | 10000/30000 [07:03<20:12, 16.50it/s, Loss=0.076563]
[ITER 10000] Evaluating train: L1 0.03491408303380013 PSNR 24.579830932617188 [28/08 18:44:06]
max gpu mem:11559.88330078125 [28/08 18:44:06]
current gpu utilization:98 [28/08 18:44:06]

[ITER 10000] Saving Gaussians [28/08 18:44:06]
tensor dict time:1.1602585315704346 [28/08 18:44:07]
Training progress:  50%|██████████████████████████████████████████████████████████                                                          | 15000/30000 [13:03<19:04, 13.11it/s, Loss=0.083113]max gpu mem:13583.697265625 [28/08 18:50:06]
current gpu utilization:99 [28/08 18:50:06]

[ITER 15000] Saving Gaussians [28/08 18:50:06]
tensor dict time:1.5416522026062012 [28/08 18:50:08]
Training progress:  67%|█████████████████████████████████████████████████████████████████████████████▎                                      | 20000/30000 [19:19<12:24, 13.44it/s, Loss=0.071980]
[ITER 20000] Evaluating train: L1 0.02903808802366257 PSNR 26.331909942626954 [28/08 18:56:23]
max gpu mem:13583.697265625 [28/08 18:56:23]
current gpu utilization:99 [28/08 18:56:23]

[ITER 20000] Saving Gaussians [28/08 18:56:23]
tensor dict time:1.540074110031128 [28/08 18:56:24]
Training progress: 100%|████████████████████████████████████████████████████████████████████████████████████████████████████████████████████| 30000/30000 [31:39<00:00, 15.80it/s, Loss=0.058541]
max gpu mem:13583.697265625 [28/08 19:08:42]
current gpu utilization:99 [28/08 19:08:42]

[ITER 30000] Saving Gaussians [28/08 19:08:42]
tensor dict time:1.589893102645874 [28/08 19:08:44]
| [28/08 19:08:44]
 | total:  1900.7824895381927 [28/08 19:08:44]
         | [28/08 19:08:44]
         |-- training (total):  423.21488308906555 [28/08 19:08:44]
                |-- render time:  354.8967363834381 [28/08 19:08:44]
                |-- loss backward time:  751.769998550415 [28/08 19:08:44]
                |-- loss cal time:  65.42445969581604 [28/08 19:08:44]
                |-- cuda time:  0.0 [28/08 19:08:44]
                |-- other time:  725.7976078987122 [28/08 19:08:44]
                |-- optimize time:  675.4184384346008 [28/08 19:08:44]
                |-- densify time:  43.435298442840576 [28/08 19:08:44]

Training complete. [28/08 19:08:44]

remove dssim
CUDA_VISIBLE_DEVICES=0 python train_acc.py -s ~/dataset/360_v2/bonsai -m ~/exps/gs/debug
Optimizing /home/peijiaxu/exps/gs/debug
Output folder: /home/peijiaxu/exps/gs/debug [28/08 18:46:59]
Tensorboard not available: not logging progress [28/08 18:46:59]
Reading camera 292/292 [28/08 18:47:00]
Loading Training Cameras [28/08 18:47:00]
[ INFO ] Encountered quite large input images (>1.6K pixels width), rescaling to 1.6K.
 If this is not desired, please explicitly specify '--resolution/-r' as 1 [28/08 18:47:00]
Loading Test Cameras [28/08 18:47:58]
finish camera Loading [28/08 18:47:58]
Number of points at initialisation :  206613 [28/08 18:47:58]
Training progress:  33%|██████████████████████████████████████▋                                                                             | 10000/30000 [03:18<05:08, 64.85it/s, Loss=0.015718]
[ITER 10000] Evaluating train: L1 0.019052508100867272 PSNR 30.306872177124024 [28/08 18:51:17]
max gpu mem:6742.6044921875 [28/08 18:51:17]
current gpu utilization:77 [28/08 18:51:17]

[ITER 10000] Saving Gaussians [28/08 18:51:17]
tensor dict time:0.16095900535583496 [28/08 18:51:17]
Training progress:  50%|██████████████████████████████████████████████████████████                                                          | 15000/30000 [04:47<03:44, 66.91it/s, Loss=0.012869]max gpu mem:6742.6044921875 [28/08 18:52:45]
current gpu utilization:90 [28/08 18:52:45]

[ITER 15000] Saving Gaussians [28/08 18:52:45]
tensor dict time:0.1833043098449707 [28/08 18:52:45]
Training progress:  67%|█████████████████████████████████████████████████████████████████████████████▎                                      | 20000/30000 [05:59<02:22, 70.21it/s, Loss=0.013482]
[ITER 20000] Evaluating train: L1 0.015271565318107605 PSNR 31.987423324584963 [28/08 18:53:58]
max gpu mem:6795.52587890625 [28/08 18:53:58]
current gpu utilization:7 [28/08 18:53:58]

[ITER 20000] Saving Gaussians [28/08 18:53:58]
tensor dict time:0.1457829475402832 [28/08 18:53:58]
Training progress: 100%|████████████████████████████████████████████████████████████████████████████████████████████████████████████████████| 30000/30000 [08:23<00:00, 59.64it/s, Loss=0.011861]
max gpu mem:6795.52587890625 [28/08 18:56:21]
current gpu utilization:92 [28/08 18:56:21]

[ITER 30000] Saving Gaussians [28/08 18:56:21]
tensor dict time:0.13824248313903809 [28/08 18:56:21]
| [28/08 18:56:21]
 | total:  503.1977159976959 [28/08 18:56:21]
         | [28/08 18:56:21]
         |-- training (total):  71.60463905334473 [28/08 18:56:21]
                |-- render time:  64.69479274749756 [28/08 18:56:21]
                |-- loss backward time:  333.0299460887909 [28/08 18:56:21]
                |-- loss cal time:  3.5857486724853516 [28/08 18:56:21]
                |-- cuda time:  0.0 [28/08 18:56:21]
                |-- other time:  98.5631308555603 [28/08 18:56:21]
                |-- optimize time:  61.71784591674805 [28/08 18:56:21]
                |-- densify time:  35.30358123779297 [28/08 18:56:21]

Training complete. [28/08 18:56:21]